25-04-27.15:40:11.500 [main            ] INFO  Application            - Starting Application using Java 1.8.0_442 on MicoMacBook-Pro.local with PID 1803 (/Users/mico/IdeaProjects/yxb/post/post-app/target/classes started by mico in /Users/mico/IdeaProjects/yxb/post)
25-04-27.15:40:11.501 [main            ] INFO  Application            - The following 1 profile is active: "dev"
25-04-27.15:40:11.947 [main            ] INFO  TomcatWebServer        - Tomcat initialized with port(s): 8791 (http)
25-04-27.15:40:11.950 [main            ] INFO  Http11NioProtocol      - Initializing ProtocolHandler ["http-nio-8791"]
25-04-27.15:40:11.950 [main            ] INFO  StandardService        - Starting service [Tomcat]
25-04-27.15:40:11.950 [main            ] INFO  StandardEngine         - Starting Servlet engine: [Apache Tomcat/9.0.75]
25-04-27.15:40:11.992 [main            ] INFO  [/]                    - Initializing Spring embedded WebApplicationContext
25-04-27.15:40:11.992 [main            ] INFO  ServletWebServerApplicationContext - Root WebApplicationContext: initialization completed in 472 ms
25-04-27.15:40:12.342 [main            ] INFO  Http11NioProtocol      - Starting ProtocolHandler ["http-nio-8791"]
25-04-27.15:40:12.353 [main            ] INFO  TomcatWebServer        - Tomcat started on port(s): 8791 (http) with context path ''
25-04-27.15:40:12.359 [main            ] INFO  Application            - Started Application in 1.083 seconds (JVM running for 1.489)
25-04-27.15:42:07.447 [main            ] INFO  Application            - Starting Application using Java 1.8.0_442 on MicoMacBook-Pro.local with PID 2281 (/Users/mico/IdeaProjects/yxb/post/post-app/target/classes started by mico in /Users/mico/IdeaProjects/yxb/post)
25-04-27.15:42:07.447 [main            ] INFO  Application            - The following 1 profile is active: "dev"
25-04-27.15:42:07.865 [main            ] INFO  TomcatWebServer        - Tomcat initialized with port(s): 8791 (http)
25-04-27.15:42:07.868 [main            ] INFO  Http11NioProtocol      - Initializing ProtocolHandler ["http-nio-8791"]
25-04-27.15:42:07.868 [main            ] INFO  StandardService        - Starting service [Tomcat]
25-04-27.15:42:07.868 [main            ] INFO  StandardEngine         - Starting Servlet engine: [Apache Tomcat/9.0.75]
25-04-27.15:42:07.901 [main            ] INFO  [/]                    - Initializing Spring embedded WebApplicationContext
25-04-27.15:42:07.901 [main            ] INFO  ServletWebServerApplicationContext - Root WebApplicationContext: initialization completed in 428 ms
25-04-27.15:42:08.246 [main            ] INFO  Http11NioProtocol      - Starting ProtocolHandler ["http-nio-8791"]
25-04-27.15:42:08.257 [main            ] INFO  TomcatWebServer        - Tomcat started on port(s): 8791 (http) with context path ''
25-04-27.15:42:08.262 [main            ] INFO  Application            - Started Application in 1.006 seconds (JVM running for 1.231)
25-04-27.15:46:22.978 [http-nio-8791-exec-1] INFO  [/]                    - Initializing Spring DispatcherServlet 'dispatcherServlet'
25-04-27.15:46:22.979 [http-nio-8791-exec-1] INFO  DispatcherServlet      - Initializing Servlet 'dispatcherServlet'
25-04-27.15:46:22.982 [http-nio-8791-exec-1] INFO  DispatcherServlet      - Completed initialization in 2 ms
25-04-27.15:46:23.066 [http-nio-8791-exec-1] INFO  HikariDataSource       - HikariPool-1 - Starting...
25-04-27.15:46:24.058 [http-nio-8791-exec-1] INFO  HikariDataSource       - HikariPool-1 - Start completed.
25-04-27.15:47:37.981 [SpringApplicationShutdownHook] INFO  HikariDataSource       - HikariPool-1 - Shutdown initiated...
25-04-27.15:47:37.992 [SpringApplicationShutdownHook] INFO  HikariDataSource       - HikariPool-1 - Shutdown completed.
25-04-27.15:52:46.642 [main            ] INFO  Application            - Starting Application using Java 1.8.0_442 on MicoMacBook-Pro.local with PID 4846 (/Users/mico/IdeaProjects/yxb/post/post-app/target/classes started by mico in /Users/mico/IdeaProjects/yxb/post)
25-04-27.15:52:46.643 [main            ] INFO  Application            - The following 1 profile is active: "dev"
25-04-27.15:52:47.118 [main            ] INFO  TomcatWebServer        - Tomcat initialized with port(s): 8791 (http)
25-04-27.15:52:47.121 [main            ] INFO  Http11NioProtocol      - Initializing ProtocolHandler ["http-nio-8791"]
25-04-27.15:52:47.121 [main            ] INFO  StandardService        - Starting service [Tomcat]
25-04-27.15:52:47.121 [main            ] INFO  StandardEngine         - Starting Servlet engine: [Apache Tomcat/9.0.75]
25-04-27.15:52:47.154 [main            ] INFO  [/]                    - Initializing Spring embedded WebApplicationContext
25-04-27.15:52:47.154 [main            ] INFO  ServletWebServerApplicationContext - Root WebApplicationContext: initialization completed in 489 ms
25-04-27.15:52:47.505 [main            ] INFO  Http11NioProtocol      - Starting ProtocolHandler ["http-nio-8791"]
25-04-27.15:52:47.516 [main            ] INFO  TomcatWebServer        - Tomcat started on port(s): 8791 (http) with context path ''
25-04-27.15:52:47.521 [main            ] INFO  Application            - Started Application in 1.088 seconds (JVM running for 1.336)
25-04-27.15:52:53.865 [http-nio-8791-exec-1] INFO  [/]                    - Initializing Spring DispatcherServlet 'dispatcherServlet'
25-04-27.15:52:53.865 [http-nio-8791-exec-1] INFO  DispatcherServlet      - Initializing Servlet 'dispatcherServlet'
25-04-27.15:52:53.867 [http-nio-8791-exec-1] INFO  DispatcherServlet      - Completed initialization in 2 ms
25-04-27.15:52:53.944 [http-nio-8791-exec-1] INFO  HikariDataSource       - HikariPool-1 - Starting...
25-04-27.15:52:54.875 [http-nio-8791-exec-1] INFO  HikariDataSource       - HikariPool-1 - Start completed.
25-04-27.16:30:26.515 [SpringApplicationShutdownHook] INFO  HikariDataSource       - HikariPool-1 - Shutdown initiated...
25-04-27.16:30:26.527 [SpringApplicationShutdownHook] INFO  HikariDataSource       - HikariPool-1 - Shutdown completed.
